  main.cpp
d:\nthu\2022 spring semester\computer graphics\homework\hw1_transformation\as01_framework\hw1_vs2017_framework\openglframework-vs2017\main.cpp(164): warning C4244: '=': conversion from 'double' to 'GLfloat', possible loss of data
d:\nthu\2022 spring semester\computer graphics\homework\hw1_transformation\as01_framework\hw1_vs2017_framework\openglframework-vs2017\main.cpp(181): warning C4244: '=': conversion from 'double' to 'GLfloat', possible loss of data
d:\nthu\2022 spring semester\computer graphics\homework\hw1_transformation\as01_framework\hw1_vs2017_framework\openglframework-vs2017\main.cpp(198): warning C4244: '=': conversion from 'double' to 'GLfloat', possible loss of data
d:\nthu\2022 spring semester\computer graphics\homework\hw1_transformation\as01_framework\hw1_vs2017_framework\openglframework-vs2017\main.cpp(270): warning C4244: 'initializing': conversion from 'double' to 'GLfloat', possible loss of data
d:\nthu\2022 spring semester\computer graphics\homework\hw1_transformation\as01_framework\hw1_vs2017_framework\openglframework-vs2017\main.cpp(339): warning C4305: 'initializing': truncation from 'double' to 'GLfloat'
d:\nthu\2022 spring semester\computer graphics\homework\hw1_transformation\as01_framework\hw1_vs2017_framework\openglframework-vs2017\main.cpp(346): warning C4305: 'initializing': truncation from 'double' to 'GLfloat'
d:\nthu\2022 spring semester\computer graphics\homework\hw1_transformation\as01_framework\hw1_vs2017_framework\openglframework-vs2017\main.cpp(433): warning C4267: '=': conversion from 'size_t' to 'int', possible loss of data
d:\nthu\2022 spring semester\computer graphics\homework\hw1_transformation\as01_framework\hw1_vs2017_framework\openglframework-vs2017\main.cpp(476): warning C4244: '+=': conversion from 'double' to 'float', possible loss of data
d:\nthu\2022 spring semester\computer graphics\homework\hw1_transformation\as01_framework\hw1_vs2017_framework\openglframework-vs2017\main.cpp(479): warning C4244: '+=': conversion from 'double' to 'float', possible loss of data
d:\nthu\2022 spring semester\computer graphics\homework\hw1_transformation\as01_framework\hw1_vs2017_framework\openglframework-vs2017\main.cpp(482): warning C4244: '+=': conversion from 'double' to 'float', possible loss of data
d:\nthu\2022 spring semester\computer graphics\homework\hw1_transformation\as01_framework\hw1_vs2017_framework\openglframework-vs2017\main.cpp(485): warning C4244: '-=': conversion from 'double' to 'float', possible loss of data
d:\nthu\2022 spring semester\computer graphics\homework\hw1_transformation\as01_framework\hw1_vs2017_framework\openglframework-vs2017\main.cpp(489): warning C4244: '+=': conversion from 'double' to 'float', possible loss of data
d:\nthu\2022 spring semester\computer graphics\homework\hw1_transformation\as01_framework\hw1_vs2017_framework\openglframework-vs2017\main.cpp(493): warning C4244: '+=': conversion from 'double' to 'float', possible loss of data
d:\nthu\2022 spring semester\computer graphics\homework\hw1_transformation\as01_framework\hw1_vs2017_framework\openglframework-vs2017\main.cpp(511): warning C4244: '=': conversion from 'double' to 'int', possible loss of data
d:\nthu\2022 spring semester\computer graphics\homework\hw1_transformation\as01_framework\hw1_vs2017_framework\openglframework-vs2017\main.cpp(512): warning C4244: '=': conversion from 'double' to 'int', possible loss of data
d:\nthu\2022 spring semester\computer graphics\homework\hw1_transformation\as01_framework\hw1_vs2017_framework\openglframework-vs2017\main.cpp(520): warning C4244: '+=': conversion from 'double' to 'float', possible loss of data
d:\nthu\2022 spring semester\computer graphics\homework\hw1_transformation\as01_framework\hw1_vs2017_framework\openglframework-vs2017\main.cpp(521): warning C4244: '-=': conversion from 'double' to 'float', possible loss of data
d:\nthu\2022 spring semester\computer graphics\homework\hw1_transformation\as01_framework\hw1_vs2017_framework\openglframework-vs2017\main.cpp(524): warning C4244: '+=': conversion from 'double' to 'float', possible loss of data
d:\nthu\2022 spring semester\computer graphics\homework\hw1_transformation\as01_framework\hw1_vs2017_framework\openglframework-vs2017\main.cpp(525): warning C4244: '-=': conversion from 'double' to 'float', possible loss of data
d:\nthu\2022 spring semester\computer graphics\homework\hw1_transformation\as01_framework\hw1_vs2017_framework\openglframework-vs2017\main.cpp(529): warning C4244: '-=': conversion from 'double' to 'float', possible loss of data
d:\nthu\2022 spring semester\computer graphics\homework\hw1_transformation\as01_framework\hw1_vs2017_framework\openglframework-vs2017\main.cpp(531): warning C4244: '-=': conversion from 'double' to 'float', possible loss of data
d:\nthu\2022 spring semester\computer graphics\homework\hw1_transformation\as01_framework\hw1_vs2017_framework\openglframework-vs2017\main.cpp(535): warning C4244: '-=': conversion from 'double' to 'float', possible loss of data
d:\nthu\2022 spring semester\computer graphics\homework\hw1_transformation\as01_framework\hw1_vs2017_framework\openglframework-vs2017\main.cpp(537): warning C4244: '+=': conversion from 'double' to 'float', possible loss of data
d:\nthu\2022 spring semester\computer graphics\homework\hw1_transformation\as01_framework\hw1_vs2017_framework\openglframework-vs2017\main.cpp(542): warning C4244: '-=': conversion from 'double' to 'float', possible loss of data
d:\nthu\2022 spring semester\computer graphics\homework\hw1_transformation\as01_framework\hw1_vs2017_framework\openglframework-vs2017\main.cpp(544): warning C4244: '-=': conversion from 'double' to 'float', possible loss of data
d:\nthu\2022 spring semester\computer graphics\homework\hw1_transformation\as01_framework\hw1_vs2017_framework\openglframework-vs2017\main.cpp(549): warning C4244: '-=': conversion from 'double' to 'float', possible loss of data
d:\nthu\2022 spring semester\computer graphics\homework\hw1_transformation\as01_framework\hw1_vs2017_framework\openglframework-vs2017\main.cpp(551): warning C4244: '-=': conversion from 'double' to 'float', possible loss of data
d:\nthu\2022 spring semester\computer graphics\homework\hw1_transformation\as01_framework\hw1_vs2017_framework\openglframework-vs2017\main.cpp(560): warning C4244: '=': conversion from 'double' to 'int', possible loss of data
d:\nthu\2022 spring semester\computer graphics\homework\hw1_transformation\as01_framework\hw1_vs2017_framework\openglframework-vs2017\main.cpp(561): warning C4244: '=': conversion from 'double' to 'int', possible loss of data
d:\nthu\2022 spring semester\computer graphics\homework\hw1_transformation\as01_framework\hw1_vs2017_framework\openglframework-vs2017\main.cpp(776): warning C4477: 'printf' : format string '%d' requires an argument of type 'int', but variadic argument 1 has type 'unsigned __int64'
  d:\nthu\2022 spring semester\computer graphics\homework\hw1_transformation\as01_framework\hw1_vs2017_framework\openglframework-vs2017\main.cpp(776): note: consider using '%zd' in the format string
d:\nthu\2022 spring semester\computer graphics\homework\hw1_transformation\as01_framework\hw1_vs2017_framework\openglframework-vs2017\main.cpp(776): warning C4477: 'printf' : format string '%d' requires an argument of type 'int', but variadic argument 2 has type 'unsigned __int64'
  d:\nthu\2022 spring semester\computer graphics\homework\hw1_transformation\as01_framework\hw1_vs2017_framework\openglframework-vs2017\main.cpp(776): note: consider using '%zd' in the format string
d:\nthu\2022 spring semester\computer graphics\homework\hw1_transformation\as01_framework\hw1_vs2017_framework\openglframework-vs2017\main.cpp(788): warning C4267: '=': conversion from 'size_t' to 'int', possible loss of data
d:\nthu\2022 spring semester\computer graphics\homework\hw1_transformation\as01_framework\hw1_vs2017_framework\openglframework-vs2017\main.cpp(813): warning C4305: '=': truncation from 'double' to 'GLfloat'
d:\nthu\2022 spring semester\computer graphics\homework\hw1_transformation\as01_framework\hw1_vs2017_framework\openglframework-vs2017\main.cpp(833): warning C4305: 'argument': truncation from 'double' to 'GLfloat'
  OpenGLFramework-VS2017.vcxproj -> D:\NTHU\2022 Spring Semester\Computer Graphics\Homework\HW1_Transformation\AS01_Framework\HW1_VS2017_Framework\x64\Debug\OpenGLFramework-VS2017.exe
