  main.cpp
d:\nthu\2022 spring semester\computer graphics\homework\hw3_texture_mapping\as03_framework\openglframework-vs2017\openglframework-vs2017\main.cpp(351): warning C4244: 'argument': conversion from 'double' to 'float', possible loss of data
d:\nthu\2022 spring semester\computer graphics\homework\hw3_texture_mapping\as03_framework\openglframework-vs2017\openglframework-vs2017\main.cpp(533): warning C4267: '=': conversion from 'size_t' to 'int', possible loss of data
d:\nthu\2022 spring semester\computer graphics\homework\hw3_texture_mapping\as03_framework\openglframework-vs2017\openglframework-vs2017\main.cpp(616): warning C4244: '-=': conversion from 'double' to 'float', possible loss of data
d:\nthu\2022 spring semester\computer graphics\homework\hw3_texture_mapping\as03_framework\openglframework-vs2017\openglframework-vs2017\main.cpp(621): warning C4244: '+=': conversion from 'double' to 'float', possible loss of data
d:\nthu\2022 spring semester\computer graphics\homework\hw3_texture_mapping\as03_framework\openglframework-vs2017\openglframework-vs2017\main.cpp(626): warning C4244: '+=': conversion from 'double' to 'float', possible loss of data
d:\nthu\2022 spring semester\computer graphics\homework\hw3_texture_mapping\as03_framework\openglframework-vs2017\openglframework-vs2017\main.cpp(631): warning C4244: '+=': conversion from 'double' to 'float', possible loss of data
d:\nthu\2022 spring semester\computer graphics\homework\hw3_texture_mapping\as03_framework\openglframework-vs2017\openglframework-vs2017\main.cpp(634): warning C4244: '+=': conversion from 'double' to 'float', possible loss of data
d:\nthu\2022 spring semester\computer graphics\homework\hw3_texture_mapping\as03_framework\openglframework-vs2017\openglframework-vs2017\main.cpp(637): warning C4244: '+=': conversion from 'double' to 'float', possible loss of data
d:\nthu\2022 spring semester\computer graphics\homework\hw3_texture_mapping\as03_framework\openglframework-vs2017\openglframework-vs2017\main.cpp(642): warning C4305: 'argument': truncation from 'double' to 'float'
d:\nthu\2022 spring semester\computer graphics\homework\hw3_texture_mapping\as03_framework\openglframework-vs2017\openglframework-vs2017\main.cpp(642): warning C4244: 'argument': conversion from 'double' to 'const float', possible loss of data
d:\nthu\2022 spring semester\computer graphics\homework\hw3_texture_mapping\as03_framework\openglframework-vs2017\openglframework-vs2017\main.cpp(644): warning C4244: '=': conversion from 'double' to 'float', possible loss of data
d:\nthu\2022 spring semester\computer graphics\homework\hw3_texture_mapping\as03_framework\openglframework-vs2017\openglframework-vs2017\main.cpp(645): warning C4244: '=': conversion from 'double' to 'float', possible loss of data
d:\nthu\2022 spring semester\computer graphics\homework\hw3_texture_mapping\as03_framework\openglframework-vs2017\openglframework-vs2017\main.cpp(646): warning C4244: '=': conversion from 'double' to 'float', possible loss of data
d:\nthu\2022 spring semester\computer graphics\homework\hw3_texture_mapping\as03_framework\openglframework-vs2017\openglframework-vs2017\main.cpp(649): warning C4244: '+=': conversion from 'double' to 'float', possible loss of data
d:\nthu\2022 spring semester\computer graphics\homework\hw3_texture_mapping\as03_framework\openglframework-vs2017\openglframework-vs2017\main.cpp(651): warning C4244: '=': conversion from 'double' to 'float', possible loss of data
d:\nthu\2022 spring semester\computer graphics\homework\hw3_texture_mapping\as03_framework\openglframework-vs2017\openglframework-vs2017\main.cpp(657): warning C4244: '+=': conversion from 'double' to 'float', possible loss of data
d:\nthu\2022 spring semester\computer graphics\homework\hw3_texture_mapping\as03_framework\openglframework-vs2017\openglframework-vs2017\main.cpp(686): warning C4244: 'initializing': conversion from 'int' to 'float', possible loss of data
d:\nthu\2022 spring semester\computer graphics\homework\hw3_texture_mapping\as03_framework\openglframework-vs2017\openglframework-vs2017\main.cpp(687): warning C4244: 'initializing': conversion from 'int' to 'float', possible loss of data
d:\nthu\2022 spring semester\computer graphics\homework\hw3_texture_mapping\as03_framework\openglframework-vs2017\openglframework-vs2017\main.cpp(693): warning C4244: '+=': conversion from 'double' to 'float', possible loss of data
d:\nthu\2022 spring semester\computer graphics\homework\hw3_texture_mapping\as03_framework\openglframework-vs2017\openglframework-vs2017\main.cpp(694): warning C4244: '+=': conversion from 'double' to 'float', possible loss of data
d:\nthu\2022 spring semester\computer graphics\homework\hw3_texture_mapping\as03_framework\openglframework-vs2017\openglframework-vs2017\main.cpp(699): warning C4244: '+=': conversion from 'double' to 'float', possible loss of data
d:\nthu\2022 spring semester\computer graphics\homework\hw3_texture_mapping\as03_framework\openglframework-vs2017\openglframework-vs2017\main.cpp(700): warning C4244: '-=': conversion from 'double' to 'float', possible loss of data
d:\nthu\2022 spring semester\computer graphics\homework\hw3_texture_mapping\as03_framework\openglframework-vs2017\openglframework-vs2017\main.cpp(705): warning C4244: '+=': conversion from 'double' to 'float', possible loss of data
d:\nthu\2022 spring semester\computer graphics\homework\hw3_texture_mapping\as03_framework\openglframework-vs2017\openglframework-vs2017\main.cpp(706): warning C4244: '+=': conversion from 'double' to 'float', possible loss of data
d:\nthu\2022 spring semester\computer graphics\homework\hw3_texture_mapping\as03_framework\openglframework-vs2017\openglframework-vs2017\main.cpp(711): warning C4244: '+=': conversion from 'double' to 'float', possible loss of data
d:\nthu\2022 spring semester\computer graphics\homework\hw3_texture_mapping\as03_framework\openglframework-vs2017\openglframework-vs2017\main.cpp(712): warning C4244: '+=': conversion from 'double' to 'float', possible loss of data
d:\nthu\2022 spring semester\computer graphics\homework\hw3_texture_mapping\as03_framework\openglframework-vs2017\openglframework-vs2017\main.cpp(715): warning C4244: '+=': conversion from 'double' to 'float', possible loss of data
d:\nthu\2022 spring semester\computer graphics\homework\hw3_texture_mapping\as03_framework\openglframework-vs2017\openglframework-vs2017\main.cpp(716): warning C4244: '+=': conversion from 'double' to 'float', possible loss of data
d:\nthu\2022 spring semester\computer graphics\homework\hw3_texture_mapping\as03_framework\openglframework-vs2017\openglframework-vs2017\main.cpp(719): warning C4244: '+=': conversion from 'double' to 'float', possible loss of data
d:\nthu\2022 spring semester\computer graphics\homework\hw3_texture_mapping\as03_framework\openglframework-vs2017\openglframework-vs2017\main.cpp(720): warning C4244: '+=': conversion from 'double' to 'float', possible loss of data
d:\nthu\2022 spring semester\computer graphics\homework\hw3_texture_mapping\as03_framework\openglframework-vs2017\openglframework-vs2017\main.cpp(724): warning C4244: '-=': conversion from 'double' to 'float', possible loss of data
d:\nthu\2022 spring semester\computer graphics\homework\hw3_texture_mapping\as03_framework\openglframework-vs2017\openglframework-vs2017\main.cpp(725): warning C4244: '+=': conversion from 'double' to 'float', possible loss of data
d:\nthu\2022 spring semester\computer graphics\homework\hw3_texture_mapping\as03_framework\openglframework-vs2017\openglframework-vs2017\main.cpp(999): warning C4267: '=': conversion from 'size_t' to 'int', possible loss of data
d:\nthu\2022 spring semester\computer graphics\homework\hw3_texture_mapping\as03_framework\openglframework-vs2017\openglframework-vs2017\main.cpp(1065): warning C4477: 'printf' : format string '%d' requires an argument of type 'int', but variadic argument 1 has type 'unsigned __int64'
  d:\nthu\2022 spring semester\computer graphics\homework\hw3_texture_mapping\as03_framework\openglframework-vs2017\openglframework-vs2017\main.cpp(1065): note: consider using '%zd' in the format string
d:\nthu\2022 spring semester\computer graphics\homework\hw3_texture_mapping\as03_framework\openglframework-vs2017\openglframework-vs2017\main.cpp(1065): warning C4477: 'printf' : format string '%d' requires an argument of type 'int', but variadic argument 2 has type 'unsigned __int64'
  d:\nthu\2022 spring semester\computer graphics\homework\hw3_texture_mapping\as03_framework\openglframework-vs2017\openglframework-vs2017\main.cpp(1065): note: consider using '%zd' in the format string
d:\nthu\2022 spring semester\computer graphics\homework\hw3_texture_mapping\as03_framework\openglframework-vs2017\openglframework-vs2017\main.cpp(1126): warning C4305: '=': truncation from 'double' to 'GLfloat'
d:\nthu\2022 spring semester\computer graphics\homework\hw3_texture_mapping\as03_framework\openglframework-vs2017\openglframework-vs2017\main.cpp(1144): warning C4305: '=': truncation from 'double' to 'float'
d:\nthu\2022 spring semester\computer graphics\homework\hw3_texture_mapping\as03_framework\openglframework-vs2017\openglframework-vs2017\main.cpp(1145): warning C4305: '=': truncation from 'double' to 'float'
d:\nthu\2022 spring semester\computer graphics\homework\hw3_texture_mapping\as03_framework\openglframework-vs2017\openglframework-vs2017\main.cpp(1146): warning C4305: '=': truncation from 'double' to 'float'
d:\nthu\2022 spring semester\computer graphics\homework\hw3_texture_mapping\as03_framework\openglframework-vs2017\openglframework-vs2017\main.cpp(1150): warning C4305: '=': truncation from 'double' to 'float'
d:\nthu\2022 spring semester\computer graphics\homework\hw3_texture_mapping\as03_framework\openglframework-vs2017\openglframework-vs2017\main.cpp(1151): warning C4305: '=': truncation from 'double' to 'float'
d:\nthu\2022 spring semester\computer graphics\homework\hw3_texture_mapping\as03_framework\openglframework-vs2017\openglframework-vs2017\main.cpp(1152): warning C4305: '=': truncation from 'double' to 'float'
d:\nthu\2022 spring semester\computer graphics\homework\hw3_texture_mapping\as03_framework\openglframework-vs2017\openglframework-vs2017\main.cpp(1223): warning C4305: 'argument': truncation from 'double' to 'GLfloat'
  OpenGLFramework-VS2017.vcxproj -> D:\NTHU\2022 Spring Semester\Computer Graphics\Homework\HW3_Texture_Mapping\AS03_Framework\OpenGLFramework-VS2017\x64\Debug\OpenGLFramework-VS2017.exe
